<?xml version="1.0" encoding="UTF-8"?>
<testng-results ignored="0" total="1" passed="1" failed="0" skipped="0">
  <reporter-output>
  </reporter-output>
  <suite started-at="2025-10-08T11:22:02 IST" name="Default suite" finished-at="2025-10-08T11:22:26 IST" duration-ms="24091">
    <groups>
    </groups>
    <test started-at="2025-10-08T11:22:02 IST" name="Default test" finished-at="2025-10-08T11:22:26 IST" duration-ms="24091">
      <class name="tutorialninja.register.TC_RF_10">
        <test-method signature="VerifyRegistrationWithInvalidMail()[pri:0, instance:tutorialninja.register.TC_RF_10@f09733f]" started-at="2025-10-08T11:22:02 IST" name="VerifyRegistrationWithInvalidMail" finished-at="2025-10-08T11:22:26 IST" duration-ms="24009" status="PASS">
          <reporter-output>
          </reporter-output>
        </test-method> <!-- VerifyRegistrationWithInvalidMail -->
      </class> <!-- tutorialninja.register.TC_RF_10 -->
    </test> <!-- Default test -->
  </suite> <!-- Default suite -->
</testng-results>
