<?xml version="1.0" encoding="UTF-8"?>
<testng-results ignored="0" total="1" passed="1" failed="0" skipped="0">
  <reporter-output>
  </reporter-output>
  <suite started-at="2025-10-08T23:04:28 IST" name="Default suite" finished-at="2025-10-08T23:04:45 IST" duration-ms="16323">
    <groups>
    </groups>
    <test started-at="2025-10-08T23:04:28 IST" name="Default test" finished-at="2025-10-08T23:04:45 IST" duration-ms="16323">
      <class name="tutorialninja.register.TC_RF_12">
        <test-method is-config="true" signature="setUp()[pri:0, instance:tutorialninja.register.TC_RF_12@55a147cc]" started-at="2025-10-08T23:04:28 IST" name="setUp" finished-at="2025-10-08T23:04:32 IST" duration-ms="3830" status="PASS">
          <reporter-output>
          </reporter-output>
        </test-method> <!-- setUp -->
        <test-method signature="KeyboaredActionRegister()[pri:0, instance:tutorialninja.register.TC_RF_12@55a147cc]" started-at="2025-10-08T23:04:32 IST" name="KeyboaredActionRegister" finished-at="2025-10-08T23:04:44 IST" duration-ms="11988" status="PASS">
          <reporter-output>
          </reporter-output>
        </test-method> <!-- KeyboaredActionRegister -->
        <test-method is-config="true" signature="tearDown()[pri:0, instance:tutorialninja.register.TC_RF_12@55a147cc]" started-at="2025-10-08T23:04:44 IST" name="tearDown" finished-at="2025-10-08T23:04:45 IST" duration-ms="414" status="PASS">
          <reporter-output>
          </reporter-output>
        </test-method> <!-- tearDown -->
      </class> <!-- tutorialninja.register.TC_RF_12 -->
    </test> <!-- Default test -->
  </suite> <!-- Default suite -->
</testng-results>
